2023-01-04 18:20:45.713 [info] Log level: Info
2023-01-04 18:20:45.713 [info] Validating found git in: "git"
2023-01-04 18:20:45.713 [info] Using git "2.39.0" from "git"
2023-01-04 18:20:45.713 [info] > git rev-parse --show-toplevel [9ms]
2023-01-04 18:20:45.713 [info] > git rev-parse --git-dir --git-common-dir [2ms]
2023-01-04 18:20:45.713 [info] Open repository: /home/l/ProyectoTajamarReact
2023-01-04 18:20:45.733 [info] > git rev-parse --show-toplevel [66ms]
2023-01-04 18:20:45.914 [info] > git rev-parse --show-toplevel [165ms]
2023-01-04 18:20:45.926 [info] > git config --get commit.template [200ms]
2023-01-04 18:20:45.973 [info] > git for-each-ref --format=%(refname)%00%(upstream:short)%00%(objectname)%00%(upstream:track)%00%(upstream:remotename)%00%(upstream:remoteref) refs/heads/master refs/remotes/master [35ms]
2023-01-04 18:20:46.003 [info] > git for-each-ref --sort -committerdate --format %(refname) %(objectname) %(*objectname) [12ms]
2023-01-04 18:20:46.006 [info] > git status -z -uall [23ms]
2023-01-04 18:20:46.025 [info] > git config --get commit.template [2ms]
2023-01-04 18:20:46.035 [info] > git for-each-ref --format=%(refname)%00%(upstream:short)%00%(objectname)%00%(upstream:track)%00%(upstream:remotename)%00%(upstream:remoteref) refs/heads/master refs/remotes/master [3ms]
2023-01-04 18:20:46.063 [info] > git for-each-ref --sort -committerdate --format %(refname) %(objectname) %(*objectname) [4ms]
2023-01-04 18:20:46.078 [info] > git status -z -uall [35ms]
2023-01-04 18:20:46.239 [info] > git check-ignore -v -z --stdin [2ms]
2023-01-04 18:20:48.717 [info] > git check-ignore -v -z --stdin [1ms]
2023-01-04 18:20:50.413 [info] > git check-ignore -v -z --stdin [1ms]
2023-01-04 18:20:51.952 [info] > git show --textconv :src/components/Form.js [66ms]
2023-01-04 18:20:51.953 [info] > git ls-files --stage -- /home/l/ProyectoTajamarReact/src/components/Form.js [44ms]
2023-01-04 18:20:51.980 [info] > git cat-file -s 23ab16704afbb9e780a22388b346b14bcfd79fef [11ms]
