2023-01-04 21:28:56.425 [info] Extension host with pid 28260 started
2023-01-04 21:28:56.426 [info] Skipping acquiring lock for /home/l/.config/Code/User/workspaceStorage/f27ce6ec89916f75e5f469043da2d5da.
2023-01-04 21:28:56.603 [info] ExtensionService#_doActivateExtension vscode.microsoft-authentication, startup: false, activationEvent: 'onAuthenticationRequest:microsoft'
2023-01-04 21:28:56.604 [info] ExtensionService#_doActivateExtension vscode.git-base, startup: true, activationEvent: '*', root cause: vscode.git
2023-01-04 21:28:56.605 [info] ExtensionService#_doActivateExtension vscode.npm, startup: true, activationEvent: 'workspaceContains:package.json'
2023-01-04 21:28:56.701 [info] ExtensionService#_doActivateExtension vscode.git, startup: true, activationEvent: '*'
2023-01-04 21:28:56.702 [info] ExtensionService#_doActivateExtension vscode.github, startup: true, activationEvent: '*'
2023-01-04 21:28:56.885 [info] ExtensionService#_doActivateExtension vscode.github-authentication, startup: false, activationEvent: 'onAuthenticationRequest:github'
2023-01-04 21:28:56.927 [info] Eager extensions activated
2023-01-04 21:28:56.950 [info] ExtensionService#_doActivateExtension vscode.debug-auto-launch, startup: false, activationEvent: 'onStartupFinished'
2023-01-04 21:28:56.951 [info] ExtensionService#_doActivateExtension vscode.emmet, startup: false, activationEvent: 'onStartupFinished'
2023-01-04 21:28:56.951 [info] ExtensionService#_doActivateExtension vscode.merge-conflict, startup: false, activationEvent: 'onStartupFinished'
2023-01-04 21:28:56.952 [info] ExtensionService#_doActivateExtension bradlc.vscode-tailwindcss, startup: false, activationEvent: 'onStartupFinished'
2023-01-04 21:28:56.952 [info] ExtensionService#_doActivateExtension ritwickdey.LiveServer, startup: false, activationEvent: 'onStartupFinished'
2023-01-04 21:29:02.488 [info] ExtensionService#_doActivateExtension vscode.typescript-language-features, startup: false, activationEvent: 'onLanguage:javascript'
2023-01-04 21:29:03.726 [info] ExtensionService#_doActivateExtension ms-vscode.js-debug, startup: false, activationEvent: 'onLanguage:ReactNativeToolsOutput', root cause: msjsdiag.vscode-react-native
2023-01-04 21:29:04.355 [info] ExtensionService#_doActivateExtension msjsdiag.vscode-react-native, startup: false, activationEvent: 'onLanguage:ReactNativeToolsOutput'
2023-01-04 21:30:20.276 [error] TypeError: s.tmpDir is not a function
	at e._sendFirstFileOnDisk (/home/l/.vscode/extensions/msjsdiag.vscode-react-native-1.10.0/dist/rn-extension.js:1:25358)
	at Timeout._onTimeout (/home/l/.vscode/extensions/msjsdiag.vscode-react-native-1.10.0/dist/rn-extension.js:1:24162)
	at listOnTimeout (node:internal/timers:559:17)
	at process.processTimers (node:internal/timers:502:7)
2023-01-04 21:31:33.818 [info] Extension host terminating: received terminate message from renderer
2023-01-04 21:31:33.910 [info] Extension host with pid 28260 exiting with code 0
