2023-01-07 09:02:51.726 [info] Extension host with pid 22262 started
2023-01-07 09:02:51.726 [info] Skipping acquiring lock for /home/l/.config/Code/User/workspaceStorage/500b426d00f7f4365ec28dd27cfaff3d.
2023-01-07 09:02:52.002 [info] ExtensionService#_doActivateExtension vscode.typescript-language-features, startup: false, activationEvent: 'onLanguage:javascript'
2023-01-07 09:02:52.002 [info] ExtensionService#_doActivateExtension vscode.microsoft-authentication, startup: false, activationEvent: 'onAuthenticationRequest:microsoft'
2023-01-07 09:02:52.003 [info] ExtensionService#_doActivateExtension vscode.git-base, startup: true, activationEvent: '*', root cause: vscode.git
2023-01-07 09:02:52.003 [info] ExtensionService#_doActivateExtension vscode.npm, startup: true, activationEvent: 'workspaceContains:package.json'
2023-01-07 09:02:52.934 [info] ExtensionService#_doActivateExtension vscode.git, startup: true, activationEvent: '*'
2023-01-07 09:02:52.934 [info] ExtensionService#_doActivateExtension vscode.github, startup: true, activationEvent: '*'
2023-01-07 09:02:53.341 [info] Eager extensions activated
2023-01-07 09:02:53.415 [info] ExtensionService#_doActivateExtension ms-vscode.js-debug, startup: false, activationEvent: 'onLanguage:ReactNativeToolsOutput', root cause: msjsdiag.vscode-react-native
2023-01-07 09:02:53.415 [info] ExtensionService#_doActivateExtension vscode.debug-auto-launch, startup: false, activationEvent: 'onStartupFinished'
2023-01-07 09:02:53.416 [info] ExtensionService#_doActivateExtension vscode.emmet, startup: false, activationEvent: 'onStartupFinished'
2023-01-07 09:02:53.416 [info] ExtensionService#_doActivateExtension vscode.merge-conflict, startup: false, activationEvent: 'onStartupFinished'
2023-01-07 09:02:53.417 [info] ExtensionService#_doActivateExtension bradlc.vscode-tailwindcss, startup: false, activationEvent: 'onStartupFinished'
2023-01-07 09:02:53.417 [info] ExtensionService#_doActivateExtension ritwickdey.LiveServer, startup: false, activationEvent: 'onStartupFinished'
2023-01-07 09:02:54.456 [info] ExtensionService#_doActivateExtension vscode.github-authentication, startup: false, activationEvent: 'onAuthenticationRequest:github'
2023-01-07 09:02:54.889 [info] ExtensionService#_doActivateExtension msjsdiag.vscode-react-native, startup: false, activationEvent: 'onLanguage:ReactNativeToolsOutput'
2023-01-07 09:03:27.434 [error] [bradlc.vscode-tailwindcss] provider FAILED
2023-01-07 09:03:27.435 [error] TypeError: Cannot read properties of null (reading 'filter')
	at Object.<anonymous> (/home/l/.vscode/extensions/bradlc.vscode-tailwindcss-0.9.4/dist/extension.js:39:69949)
	at Generator.next (<anonymous>)
	at o (/home/l/.vscode/extensions/bradlc.vscode-tailwindcss-0.9.4/dist/extension.js:1:1247)
2023-01-07 09:04:11.402 [error] TypeError: s.tmpDir is not a function
	at e._sendFirstFileOnDisk (/home/l/.vscode/extensions/msjsdiag.vscode-react-native-1.10.0/dist/rn-extension.js:1:25358)
	at Timeout._onTimeout (/home/l/.vscode/extensions/msjsdiag.vscode-react-native-1.10.0/dist/rn-extension.js:1:24162)
	at listOnTimeout (node:internal/timers:559:17)
	at process.processTimers (node:internal/timers:502:7)
2023-01-07 09:04:55.484 [info] Extension host terminating: parent process 22221 does not exist anymore: kill ESRCH (code: ESRCH) (errno: -3)
2023-01-07 09:04:56.338 [info] Extension host with pid 22262 exiting with code 0
